2026-03-17 20:30:22,944 - kedro.framework.project - INFO - Using 'conf\logging.yml' as logging configuration. You can change this by setting the KEDRO_LOGGING_CONFIG environment variable accordingly.
2026-03-17 20:30:25,783 - kedro.framework.session.session - INFO - Kedro project purchase_predict
2026-03-17 20:30:25,783 - kedro.framework.session.session - WARNING - `pipeline_name` is deprecated and will be removed in a future release. Please use `pipeline_names` instead.
2026-03-17 20:30:25,903 - py.warnings - WARNING - H:\cytech\MLOps\purchase-predict\.venv\Lib\site-packages\kedro\framework\project\__init__.py:350: UserWarning: The 'purchase_predict.pipelines.processing' module does not expose a 'create_pipeline' function, so no pipelines defined therein will be returned by 'find_pipelines'.
  warnings.warn(

2026-03-17 20:30:25,936 - kedro_telemetry.plugin - INFO - Kedro is sending anonymous usage data with the sole purpose of improving the product. No personal data or IP addresses are stored on our side. To opt out, set the `KEDRO_DISABLE_TELEMETRY` or `DO_NOT_TRACK` environment variables, or create a `.telemetry` file in the current working directory with the contents `consent: false`. To hide this message, explicitly grant or deny consent. Read more at https://docs.kedro.org/en/stable/about/telemetry/
2026-03-17 20:33:39,087 - kedro.framework.project - INFO - Using 'conf\logging.yml' as logging configuration. You can change this by setting the KEDRO_LOGGING_CONFIG environment variable accordingly.
2026-03-17 20:33:39,863 - kedro.framework.session.session - INFO - Kedro project purchase_predict
2026-03-17 20:33:39,874 - kedro.framework.session.session - WARNING - `pipeline_name` is deprecated and will be removed in a future release. Please use `pipeline_names` instead.
2026-03-17 20:33:39,993 - py.warnings - WARNING - H:\cytech\MLOps\purchase-predict\.venv\Lib\site-packages\kedro\framework\project\__init__.py:350: UserWarning: The 'purchase_predict.pipelines.processing' module does not expose a 'create_pipeline' function, so no pipelines defined therein will be returned by 'find_pipelines'.
  warnings.warn(

2026-03-17 20:33:40,042 - kedro_telemetry.plugin - INFO - Kedro is sending anonymous usage data with the sole purpose of improving the product. No personal data or IP addresses are stored on our side. To opt out, set the `KEDRO_DISABLE_TELEMETRY` or `DO_NOT_TRACK` environment variables, or create a `.telemetry` file in the current working directory with the contents `consent: false`. To hide this message, explicitly grant or deny consent. Read more at https://docs.kedro.org/en/stable/about/telemetry/
2026-03-17 20:35:15,473 - kedro.framework.project - INFO - Using 'conf\logging.yml' as logging configuration. You can change this by setting the KEDRO_LOGGING_CONFIG environment variable accordingly.
2026-03-17 20:35:16,063 - kedro.framework.session.session - INFO - Kedro project purchase_predict
2026-03-17 20:35:16,072 - kedro.framework.session.session - WARNING - `pipeline_name` is deprecated and will be removed in a future release. Please use `pipeline_names` instead.
2026-03-17 20:35:16,158 - py.warnings - WARNING - H:\cytech\MLOps\purchase-predict\.venv\Lib\site-packages\kedro\framework\project\__init__.py:350: UserWarning: The 'purchase_predict.pipelines.processing' module does not expose a 'create_pipeline' function, so no pipelines defined therein will be returned by 'find_pipelines'.
  warnings.warn(

2026-03-17 20:35:16,191 - kedro_telemetry.plugin - INFO - Kedro is sending anonymous usage data with the sole purpose of improving the product. No personal data or IP addresses are stored on our side. To opt out, set the `KEDRO_DISABLE_TELEMETRY` or `DO_NOT_TRACK` environment variables, or create a `.telemetry` file in the current working directory with the contents `consent: false`. To hide this message, explicitly grant or deny consent. Read more at https://docs.kedro.org/en/stable/about/telemetry/
2026-03-17 22:56:23,254 - kedro.framework.project - INFO - Using 'conf\logging.yml' as logging configuration. You can change this by setting the KEDRO_LOGGING_CONFIG environment variable accordingly.
2026-03-17 22:56:24,164 - kedro.framework.session.session - INFO - Kedro project purchase_predict
2026-03-17 22:56:24,169 - kedro.framework.session.session - WARNING - `pipeline_name` is deprecated and will be removed in a future release. Please use `pipeline_names` instead.
2026-03-17 22:56:24,274 - kedro_telemetry.plugin - INFO - Kedro is sending anonymous usage data with the sole purpose of improving the product. No personal data or IP addresses are stored on our side. To opt out, set the `KEDRO_DISABLE_TELEMETRY` or `DO_NOT_TRACK` environment variables, or create a `.telemetry` file in the current working directory with the contents `consent: false`. To hide this message, explicitly grant or deny consent. Read more at https://docs.kedro.org/en/stable/about/telemetry/
2026-03-17 22:58:19,754 - kedro.framework.project - INFO - Using 'conf\logging.yml' as logging configuration. You can change this by setting the KEDRO_LOGGING_CONFIG environment variable accordingly.
2026-03-17 22:58:20,588 - kedro.framework.session.session - INFO - Kedro project purchase_predict
2026-03-17 22:58:20,594 - kedro.framework.session.session - WARNING - `pipeline_name` is deprecated and will be removed in a future release. Please use `pipeline_names` instead.
2026-03-17 22:58:20,673 - kedro_telemetry.plugin - INFO - Kedro is sending anonymous usage data with the sole purpose of improving the product. No personal data or IP addresses are stored on our side. To opt out, set the `KEDRO_DISABLE_TELEMETRY` or `DO_NOT_TRACK` environment variables, or create a `.telemetry` file in the current working directory with the contents `consent: false`. To hide this message, explicitly grant or deny consent. Read more at https://docs.kedro.org/en/stable/about/telemetry/
2026-03-17 23:01:52,259 - kedro.framework.project - INFO - Using 'conf\logging.yml' as logging configuration. You can change this by setting the KEDRO_LOGGING_CONFIG environment variable accordingly.
2026-03-17 23:01:52,904 - kedro.framework.session.session - INFO - Kedro project purchase_predict
2026-03-17 23:01:52,906 - kedro.framework.session.session - WARNING - `pipeline_name` is deprecated and will be removed in a future release. Please use `pipeline_names` instead.
2026-03-17 23:01:52,972 - kedro_telemetry.plugin - INFO - Kedro is sending anonymous usage data with the sole purpose of improving the product. No personal data or IP addresses are stored on our side. To opt out, set the `KEDRO_DISABLE_TELEMETRY` or `DO_NOT_TRACK` environment variables, or create a `.telemetry` file in the current working directory with the contents `consent: false`. To hide this message, explicitly grant or deny consent. Read more at https://docs.kedro.org/en/stable/about/telemetry/
2026-03-17 23:44:22,585 - kedro.framework.project - INFO - Using 'conf\logging.yml' as logging configuration. You can change this by setting the KEDRO_LOGGING_CONFIG environment variable accordingly.
2026-03-17 23:44:23,238 - kedro_telemetry.plugin - INFO - Kedro is sending anonymous usage data with the sole purpose of improving the product. No personal data or IP addresses are stored on our side. To opt out, set the `KEDRO_DISABLE_TELEMETRY` or `DO_NOT_TRACK` environment variables, or create a `.telemetry` file in the current working directory with the contents `consent: false`. To hide this message, explicitly grant or deny consent. Read more at https://docs.kedro.org/en/stable/about/telemetry/
2026-03-17 23:47:47,411 - kedro.framework.project - INFO - Using 'conf\logging.yml' as logging configuration. You can change this by setting the KEDRO_LOGGING_CONFIG environment variable accordingly.
2026-03-17 23:47:48,300 - kedro_telemetry.plugin - INFO - Kedro is sending anonymous usage data with the sole purpose of improving the product. No personal data or IP addresses are stored on our side. To opt out, set the `KEDRO_DISABLE_TELEMETRY` or `DO_NOT_TRACK` environment variables, or create a `.telemetry` file in the current working directory with the contents `consent: false`. To hide this message, explicitly grant or deny consent. Read more at https://docs.kedro.org/en/stable/about/telemetry/
2026-03-18 10:41:19,369 - kedro.framework.project - INFO - Using 'conf\logging.yml' as logging configuration. You can change this by setting the KEDRO_LOGGING_CONFIG environment variable accordingly.
2026-03-18 10:41:20,054 - kedro.framework.session.session - INFO - Kedro project purchase_predict
2026-03-18 10:41:21,987 - kedro_telemetry.plugin - INFO - Kedro is sending anonymous usage data with the sole purpose of improving the product. No personal data or IP addresses are stored on our side. To opt out, set the `KEDRO_DISABLE_TELEMETRY` or `DO_NOT_TRACK` environment variables, or create a `.telemetry` file in the current working directory with the contents `consent: false`. To hide this message, explicitly grant or deny consent. Read more at https://docs.kedro.org/en/stable/about/telemetry/
2026-03-18 10:41:22,740 - kedro.runner.sequential_runner - INFO - Using synchronous mode for loading and saving data. Use the --async flag for potential performance gains. https://docs.kedro.org/en/stable/build/run_a_pipeline/#load-and-save-asynchronously
2026-03-18 10:41:22,740 - kedro.io.data_catalog - INFO - Loading data from [dark_orange]primary[/dark_orange] (CSVDataset)...
2026-03-18 10:41:22,827 - kedro.pipeline.node - INFO - Running node: encode_features([primary]) -> [dataset;transform_pipeline]
2026-03-18 10:41:22,851 - kedro.io.data_catalog - INFO - Saving data to [dark_orange]dataset[/dark_orange] (CSVDataset)...
2026-03-18 10:41:22,952 - kedro.io.data_catalog - INFO - Saving data to [dark_orange]transform_pipeline[/dark_orange] (PickleDataset)...
2026-03-18 10:41:22,956 - kedro.runner.sequential_runner - INFO - Completed node: encode_features__4f0652e1
2026-03-18 10:41:22,958 - kedro.runner.sequential_runner - INFO - Completed 1 out of 2 tasks
2026-03-18 10:41:22,959 - kedro.io.data_catalog - INFO - Loading data from [dark_orange]dataset[/dark_orange] (CSVDataset)...
2026-03-18 10:41:23,006 - kedro.io.data_catalog - INFO - Loading data from [dark_orange]params:test_ratio[/dark_orange] (MemoryDataset)...
2026-03-18 10:41:23,022 - kedro.pipeline.node - INFO - Running node: split_dataset([dataset;params:test_ratio]) -> [X_train;y_train;X_test;y_test]
2026-03-18 10:41:23,022 - kedro.io.data_catalog - INFO - Saving data to [dark_orange]X_train[/dark_orange] (CSVDataset)...
2026-03-18 10:41:23,088 - kedro.io.data_catalog - INFO - Saving data to [dark_orange]y_train[/dark_orange] (CSVDataset)...
2026-03-18 10:41:23,115 - kedro.io.data_catalog - INFO - Saving data to [dark_orange]X_test[/dark_orange] (CSVDataset)...
2026-03-18 10:41:23,143 - kedro.io.data_catalog - INFO - Saving data to [dark_orange]y_test[/dark_orange] (CSVDataset)...
2026-03-18 10:41:23,155 - kedro.runner.sequential_runner - INFO - Completed node: split_dataset__f432ba67
2026-03-18 10:41:23,157 - kedro.runner.sequential_runner - INFO - Completed 2 out of 2 tasks
2026-03-18 10:41:23,159 - kedro.runner.sequential_runner - INFO - Pipeline execution completed successfully in 0.4 sec.
2026-03-18 10:41:57,030 - kedro.framework.project - INFO - Using 'conf\logging.yml' as logging configuration. You can change this by setting the KEDRO_LOGGING_CONFIG environment variable accordingly.
2026-03-18 10:41:57,639 - kedro.framework.session.session - INFO - Kedro project purchase_predict
2026-03-18 10:41:57,639 - kedro.framework.session.session - WARNING - `pipeline_name` is deprecated and will be removed in a future release. Please use `pipeline_names` instead.
2026-03-18 10:41:58,976 - kedro_telemetry.plugin - INFO - Kedro is sending anonymous usage data with the sole purpose of improving the product. No personal data or IP addresses are stored on our side. To opt out, set the `KEDRO_DISABLE_TELEMETRY` or `DO_NOT_TRACK` environment variables, or create a `.telemetry` file in the current working directory with the contents `consent: false`. To hide this message, explicitly grant or deny consent. Read more at https://docs.kedro.org/en/stable/about/telemetry/
2026-03-18 10:55:29,284 - kedro.framework.project - INFO - Using 'conf\logging.yml' as logging configuration. You can change this by setting the KEDRO_LOGGING_CONFIG environment variable accordingly.
2026-03-18 10:55:29,690 - kedro.framework.session.session - INFO - Kedro project purchase_predict
2026-03-18 10:55:29,692 - kedro.framework.session.session - WARNING - `pipeline_name` is deprecated and will be removed in a future release. Please use `pipeline_names` instead.
2026-03-18 10:55:30,846 - kedro_telemetry.plugin - INFO - Kedro is sending anonymous usage data with the sole purpose of improving the product. No personal data or IP addresses are stored on our side. To opt out, set the `KEDRO_DISABLE_TELEMETRY` or `DO_NOT_TRACK` environment variables, or create a `.telemetry` file in the current working directory with the contents `consent: false`. To hide this message, explicitly grant or deny consent. Read more at https://docs.kedro.org/en/stable/about/telemetry/
2026-03-18 11:04:05,334 - kedro.framework.project - INFO - Using 'conf\logging.yml' as logging configuration. You can change this by setting the KEDRO_LOGGING_CONFIG environment variable accordingly.
2026-03-18 11:04:05,680 - kedro.framework.session.session - INFO - Kedro project purchase_predict
2026-03-18 11:04:05,680 - kedro.framework.session.session - WARNING - `pipeline_name` is deprecated and will be removed in a future release. Please use `pipeline_names` instead.
2026-03-18 11:04:06,922 - kedro_telemetry.plugin - INFO - Kedro is sending anonymous usage data with the sole purpose of improving the product. No personal data or IP addresses are stored on our side. To opt out, set the `KEDRO_DISABLE_TELEMETRY` or `DO_NOT_TRACK` environment variables, or create a `.telemetry` file in the current working directory with the contents `consent: false`. To hide this message, explicitly grant or deny consent. Read more at https://docs.kedro.org/en/stable/about/telemetry/
2026-03-18 11:08:06,090 - kedro.framework.project - INFO - Using 'conf\logging.yml' as logging configuration. You can change this by setting the KEDRO_LOGGING_CONFIG environment variable accordingly.
2026-03-18 11:08:06,464 - kedro.framework.session.session - INFO - Kedro project purchase_predict
2026-03-18 11:08:07,617 - kedro_telemetry.plugin - INFO - Kedro is sending anonymous usage data with the sole purpose of improving the product. No personal data or IP addresses are stored on our side. To opt out, set the `KEDRO_DISABLE_TELEMETRY` or `DO_NOT_TRACK` environment variables, or create a `.telemetry` file in the current working directory with the contents `consent: false`. To hide this message, explicitly grant or deny consent. Read more at https://docs.kedro.org/en/stable/about/telemetry/
2026-03-18 11:10:00,021 - kedro.framework.project - INFO - Using 'conf\logging.yml' as logging configuration. You can change this by setting the KEDRO_LOGGING_CONFIG environment variable accordingly.
2026-03-18 11:10:00,647 - kedro.framework.session.session - INFO - Kedro project purchase_predict
2026-03-18 11:10:02,399 - kedro_telemetry.plugin - INFO - Kedro is sending anonymous usage data with the sole purpose of improving the product. No personal data or IP addresses are stored on our side. To opt out, set the `KEDRO_DISABLE_TELEMETRY` or `DO_NOT_TRACK` environment variables, or create a `.telemetry` file in the current working directory with the contents `consent: false`. To hide this message, explicitly grant or deny consent. Read more at https://docs.kedro.org/en/stable/about/telemetry/
2026-03-18 11:10:06,014 - kedro.runner.sequential_runner - INFO - Using synchronous mode for loading and saving data. Use the --async flag for potential performance gains. https://docs.kedro.org/en/stable/build/run_a_pipeline/#load-and-save-asynchronously
2026-03-18 11:10:06,014 - kedro.io.data_catalog - INFO - Loading data from [dark_orange]X_train[/dark_orange] (CSVDataset)...
2026-03-18 11:10:06,061 - kedro.io.data_catalog - INFO - Loading data from [dark_orange]y_train[/dark_orange] (CSVDataset)...
2026-03-18 11:10:06,070 - kedro.io.data_catalog - INFO - Loading data from [dark_orange]X_test[/dark_orange] (CSVDataset)...
2026-03-18 11:10:06,094 - kedro.io.data_catalog - INFO - Loading data from [dark_orange]y_test[/dark_orange] (CSVDataset)...
2026-03-18 11:10:06,099 - kedro.io.data_catalog - INFO - Loading data from [dark_orange]params:automl_max_evals[/dark_orange] (MemoryDataset)...
2026-03-18 11:10:06,099 - kedro.pipeline.node - INFO - Running node: auto_ml([X_train;y_train;X_test;y_test;params:automl_max_evals]) -> [model]
2026-03-18 11:10:06,104 - kedro.pipeline.node - ERROR - Node auto_ml([X_train;y_train;X_test;y_test;params:automl_max_evals]) -> [model] failed with error: 
'class'
2026-03-18 11:10:06,112 - kedro.runner.sequential_runner - WARNING - No nodes ran. Repeat the previous command to attempt a new run.
2026-03-18 11:19:30,524 - kedro.framework.project - INFO - Using 'conf\logging.yml' as logging configuration. You can change this by setting the KEDRO_LOGGING_CONFIG environment variable accordingly.
2026-03-18 11:19:31,726 - kedro.framework.session.session - INFO - Kedro project purchase_predict
2026-03-18 11:19:38,386 - kedro_telemetry.plugin - INFO - Kedro is sending anonymous usage data with the sole purpose of improving the product. No personal data or IP addresses are stored on our side. To opt out, set the `KEDRO_DISABLE_TELEMETRY` or `DO_NOT_TRACK` environment variables, or create a `.telemetry` file in the current working directory with the contents `consent: false`. To hide this message, explicitly grant or deny consent. Read more at https://docs.kedro.org/en/stable/about/telemetry/
2026-03-18 11:19:59,613 - kedro.runner.sequential_runner - INFO - Using synchronous mode for loading and saving data. Use the --async flag for potential performance gains. https://docs.kedro.org/en/stable/build/run_a_pipeline/#load-and-save-asynchronously
2026-03-18 11:19:59,619 - kedro.io.data_catalog - INFO - Loading data from [dark_orange]X_train[/dark_orange] (CSVDataset)...
2026-03-18 11:19:59,677 - kedro.io.data_catalog - INFO - Loading data from [dark_orange]y_train[/dark_orange] (CSVDataset)...
2026-03-18 11:19:59,687 - kedro.io.data_catalog - INFO - Loading data from [dark_orange]X_test[/dark_orange] (CSVDataset)...
2026-03-18 11:19:59,731 - kedro.io.data_catalog - INFO - Loading data from [dark_orange]y_test[/dark_orange] (CSVDataset)...
2026-03-18 11:19:59,748 - kedro.io.data_catalog - INFO - Loading data from [dark_orange]params:automl_max_evals[/dark_orange] (MemoryDataset)...
2026-03-18 11:19:59,752 - kedro.pipeline.node - INFO - Running node: auto_ml([X_train;y_train;X_test;y_test;params:automl_max_evals]) -> [model]
2026-03-18 11:20:20,330 - kedro.io.data_catalog - INFO - Saving data to [dark_orange]model[/dark_orange] (PickleDataset)...
2026-03-18 11:20:20,339 - kedro.runner.sequential_runner - INFO - Completed node: auto_ml__cafdbacd
2026-03-18 11:20:20,339 - kedro.runner.sequential_runner - INFO - Completed 1 out of 1 tasks
2026-03-18 11:20:20,347 - kedro.runner.sequential_runner - INFO - Pipeline execution completed successfully in 20.7 sec.
2026-03-18 11:22:16,966 - kedro.framework.project - INFO - Using 'conf\logging.yml' as logging configuration. You can change this by setting the KEDRO_LOGGING_CONFIG environment variable accordingly.
2026-03-18 11:22:17,699 - kedro.framework.session.session - INFO - Kedro project purchase_predict
2026-03-18 11:22:20,015 - kedro_telemetry.plugin - INFO - Kedro is sending anonymous usage data with the sole purpose of improving the product. No personal data or IP addresses are stored on our side. To opt out, set the `KEDRO_DISABLE_TELEMETRY` or `DO_NOT_TRACK` environment variables, or create a `.telemetry` file in the current working directory with the contents `consent: false`. To hide this message, explicitly grant or deny consent. Read more at https://docs.kedro.org/en/stable/about/telemetry/
2026-03-18 11:22:20,027 - kedro.runner.sequential_runner - INFO - Using synchronous mode for loading and saving data. Use the --async flag for potential performance gains. https://docs.kedro.org/en/stable/build/run_a_pipeline/#load-and-save-asynchronously
2026-03-18 11:22:20,029 - kedro.io.data_catalog - INFO - Loading data from [dark_orange]X_train[/dark_orange] (CSVDataset)...
2026-03-18 11:22:20,056 - kedro.io.data_catalog - INFO - Loading data from [dark_orange]y_train[/dark_orange] (CSVDataset)...
2026-03-18 11:22:20,072 - kedro.io.data_catalog - INFO - Loading data from [dark_orange]X_test[/dark_orange] (CSVDataset)...
2026-03-18 11:22:20,089 - kedro.io.data_catalog - INFO - Loading data from [dark_orange]y_test[/dark_orange] (CSVDataset)...
2026-03-18 11:22:20,093 - kedro.io.data_catalog - INFO - Loading data from [dark_orange]params:automl_max_evals[/dark_orange] (MemoryDataset)...
2026-03-18 11:22:20,095 - kedro.pipeline.node - INFO - Running node: auto_ml([X_train;y_train;X_test;y_test;params:automl_max_evals]) -> [model]
2026-03-18 11:22:49,418 - kedro.io.data_catalog - INFO - Saving data to [dark_orange]model[/dark_orange] (PickleDataset)...
2026-03-18 11:22:49,461 - kedro.runner.sequential_runner - INFO - Completed node: auto_ml__cafdbacd
2026-03-18 11:22:49,468 - kedro.runner.sequential_runner - INFO - Completed 1 out of 1 tasks
2026-03-18 11:22:49,471 - kedro.runner.sequential_runner - INFO - Pipeline execution completed successfully in 29.4 sec.
2026-03-18 11:22:55,979 - kedro.framework.project - INFO - Using 'conf\logging.yml' as logging configuration. You can change this by setting the KEDRO_LOGGING_CONFIG environment variable accordingly.
2026-03-18 11:22:56,559 - kedro_telemetry.plugin - INFO - Kedro is sending anonymous usage data with the sole purpose of improving the product. No personal data or IP addresses are stored on our side. To opt out, set the `KEDRO_DISABLE_TELEMETRY` or `DO_NOT_TRACK` environment variables, or create a `.telemetry` file in the current working directory with the contents `consent: false`. To hide this message, explicitly grant or deny consent. Read more at https://docs.kedro.org/en/stable/about/telemetry/
2026-03-18 11:25:44,190 - kedro.framework.project - INFO - Using 'conf\logging.yml' as logging configuration. You can change this by setting the KEDRO_LOGGING_CONFIG environment variable accordingly.
2026-03-18 11:25:44,975 - kedro_telemetry.plugin - INFO - Kedro is sending anonymous usage data with the sole purpose of improving the product. No personal data or IP addresses are stored on our side. To opt out, set the `KEDRO_DISABLE_TELEMETRY` or `DO_NOT_TRACK` environment variables, or create a `.telemetry` file in the current working directory with the contents `consent: false`. To hide this message, explicitly grant or deny consent. Read more at https://docs.kedro.org/en/stable/about/telemetry/
2026-03-18 11:26:54,555 - kedro.framework.project - INFO - Using 'conf\logging.yml' as logging configuration. You can change this by setting the KEDRO_LOGGING_CONFIG environment variable accordingly.
2026-03-18 11:26:54,918 - kedro_telemetry.plugin - INFO - Kedro is sending anonymous usage data with the sole purpose of improving the product. No personal data or IP addresses are stored on our side. To opt out, set the `KEDRO_DISABLE_TELEMETRY` or `DO_NOT_TRACK` environment variables, or create a `.telemetry` file in the current working directory with the contents `consent: false`. To hide this message, explicitly grant or deny consent. Read more at https://docs.kedro.org/en/stable/about/telemetry/
2026-03-18 11:34:14,726 - kedro.framework.project - INFO - Using 'conf\logging.yml' as logging configuration. You can change this by setting the KEDRO_LOGGING_CONFIG environment variable accordingly.
2026-03-18 11:34:15,044 - kedro_telemetry.plugin - INFO - Kedro is sending anonymous usage data with the sole purpose of improving the product. No personal data or IP addresses are stored on our side. To opt out, set the `KEDRO_DISABLE_TELEMETRY` or `DO_NOT_TRACK` environment variables, or create a `.telemetry` file in the current working directory with the contents `consent: false`. To hide this message, explicitly grant or deny consent. Read more at https://docs.kedro.org/en/stable/about/telemetry/
2026-03-18 11:35:36,454 - kedro.framework.project - INFO - Using 'conf\logging.yml' as logging configuration. You can change this by setting the KEDRO_LOGGING_CONFIG environment variable accordingly.
2026-03-18 11:35:42,473 - kedro.framework.project - INFO - Using 'conf\logging.yml' as logging configuration. You can change this by setting the KEDRO_LOGGING_CONFIG environment variable accordingly.
2026-03-18 11:35:43,203 - py.warnings - WARNING - H:\cytech\MLOps\purchase-predict\.venv\Lib\site-packages\kedro_viz\api\apps.py:19: FastAPIDeprecationWarning: ORJSONResponse is deprecated, FastAPI now serializes data directly to JSON bytes via Pydantic when a return type or response model is set, which is faster and doesn't need a custom response class. Read more in the FastAPI docs: https://fastapi.tiangolo.com/advanced/custom-response/#orjson-or-response-model and https://fastapi.tiangolo.com/tutorial/response-model/
  from kedro_viz.api.rest.responses.utils import EnhancedORJSONResponse

2026-03-18 11:35:46,187 - kedro_telemetry.plugin - INFO - Kedro is sending anonymous usage data with the sole purpose of improving the product. No personal data or IP addresses are stored on our side. To opt out, set the `KEDRO_DISABLE_TELEMETRY` or `DO_NOT_TRACK` environment variables, or create a `.telemetry` file in the current working directory with the contents `consent: false`. To hide this message, explicitly grant or deny consent. Read more at https://docs.kedro.org/en/stable/about/telemetry/
2026-03-18 11:36:20,883 - kedro_viz.api.rest.responses.run_events - WARNING - Run events file .viz\kedro_pipeline_events.json not found. It may be due to missing `kedro run`
2026-03-18 11:53:02,373 - kedro.framework.project - INFO - Using 'conf\logging.yml' as logging configuration. You can change this by setting the KEDRO_LOGGING_CONFIG environment variable accordingly.
2026-03-18 11:53:03,141 - kedro.framework.session.session - INFO - Kedro project purchase_predict
2026-03-18 11:53:03,141 - kedro.framework.session.session - WARNING - `pipeline_name` is deprecated and will be removed in a future release. Please use `pipeline_names` instead.
2026-03-18 11:53:05,507 - kedro_telemetry.plugin - INFO - Kedro is sending anonymous usage data with the sole purpose of improving the product. No personal data or IP addresses are stored on our side. To opt out, set the `KEDRO_DISABLE_TELEMETRY` or `DO_NOT_TRACK` environment variables, or create a `.telemetry` file in the current working directory with the contents `consent: false`. To hide this message, explicitly grant or deny consent. Read more at https://docs.kedro.org/en/stable/about/telemetry/
2026-03-18 11:53:06,601 - kedro.runner.sequential_runner - INFO - Using synchronous mode for loading and saving data. Use the --async flag for potential performance gains. https://docs.kedro.org/en/stable/build/run_a_pipeline/#load-and-save-asynchronously
2026-03-18 11:53:06,616 - kedro.io.data_catalog - INFO - Loading data from [dark_orange]X_train[/dark_orange] (CSVDataset)...
2026-03-18 11:53:06,680 - kedro.io.data_catalog - INFO - Loading data from [dark_orange]y_train[/dark_orange] (CSVDataset)...
2026-03-18 11:53:06,680 - kedro.io.data_catalog - INFO - Loading data from [dark_orange]X_test[/dark_orange] (CSVDataset)...
2026-03-18 11:53:06,707 - kedro.io.data_catalog - INFO - Loading data from [dark_orange]y_test[/dark_orange] (CSVDataset)...
2026-03-18 11:53:06,713 - kedro.io.data_catalog - INFO - Loading data from [dark_orange]params:automl_max_evals[/dark_orange] (MemoryDataset)...
2026-03-18 11:53:06,716 - kedro.pipeline.node - INFO - Running node: auto_ml([X_train;y_train;X_test;y_test;params:automl_max_evals]) -> [model]
2026-03-18 11:53:45,354 - kedro.io.data_catalog - INFO - Saving data to [dark_orange]model[/dark_orange] (PickleDataset)...
2026-03-18 11:53:45,377 - kedro.runner.sequential_runner - INFO - Completed node: auto_ml__cafdbacd
2026-03-18 11:53:45,383 - kedro.runner.sequential_runner - INFO - Completed 1 out of 1 tasks
2026-03-18 11:53:45,384 - kedro.runner.sequential_runner - INFO - Pipeline execution completed successfully in 38.8 sec.
2026-03-18 11:54:05,426 - kedro.framework.project - INFO - Using 'conf\logging.yml' as logging configuration. You can change this by setting the KEDRO_LOGGING_CONFIG environment variable accordingly.
2026-03-18 11:54:10,456 - kedro.framework.project - INFO - Using 'conf\logging.yml' as logging configuration. You can change this by setting the KEDRO_LOGGING_CONFIG environment variable accordingly.
2026-03-18 11:54:10,764 - py.warnings - WARNING - H:\cytech\MLOps\purchase-predict\.venv\Lib\site-packages\kedro_viz\api\apps.py:19: FastAPIDeprecationWarning: ORJSONResponse is deprecated, FastAPI now serializes data directly to JSON bytes via Pydantic when a return type or response model is set, which is faster and doesn't need a custom response class. Read more in the FastAPI docs: https://fastapi.tiangolo.com/advanced/custom-response/#orjson-or-response-model and https://fastapi.tiangolo.com/tutorial/response-model/
  from kedro_viz.api.rest.responses.utils import EnhancedORJSONResponse

2026-03-18 11:54:13,173 - kedro_telemetry.plugin - INFO - Kedro is sending anonymous usage data with the sole purpose of improving the product. No personal data or IP addresses are stored on our side. To opt out, set the `KEDRO_DISABLE_TELEMETRY` or `DO_NOT_TRACK` environment variables, or create a `.telemetry` file in the current working directory with the contents `consent: false`. To hide this message, explicitly grant or deny consent. Read more at https://docs.kedro.org/en/stable/about/telemetry/
2026-03-18 12:26:03,283 - kedro.framework.project - INFO - Using 'conf\logging.yml' as logging configuration. You can change this by setting the KEDRO_LOGGING_CONFIG environment variable accordingly.
2026-03-18 12:26:04,128 - kedro_telemetry.plugin - INFO - Kedro is sending anonymous usage data with the sole purpose of improving the product. No personal data or IP addresses are stored on our side. To opt out, set the `KEDRO_DISABLE_TELEMETRY` or `DO_NOT_TRACK` environment variables, or create a `.telemetry` file in the current working directory with the contents `consent: false`. To hide this message, explicitly grant or deny consent. Read more at https://docs.kedro.org/en/stable/about/telemetry/
2026-03-18 12:31:21,537 - kedro.framework.project - INFO - Using 'conf\logging.yml' as logging configuration. You can change this by setting the KEDRO_LOGGING_CONFIG environment variable accordingly.
2026-03-18 12:31:22,295 - kedro.framework.session.session - INFO - Kedro project purchase_predict
2026-03-18 12:31:22,297 - kedro.framework.session.session - WARNING - `pipeline_name` is deprecated and will be removed in a future release. Please use `pipeline_names` instead.
2026-03-18 12:31:25,049 - kedro_telemetry.plugin - INFO - Kedro is sending anonymous usage data with the sole purpose of improving the product. No personal data or IP addresses are stored on our side. To opt out, set the `KEDRO_DISABLE_TELEMETRY` or `DO_NOT_TRACK` environment variables, or create a `.telemetry` file in the current working directory with the contents `consent: false`. To hide this message, explicitly grant or deny consent. Read more at https://docs.kedro.org/en/stable/about/telemetry/
2026-03-18 12:33:15,190 - kedro.framework.project - INFO - Using 'conf\logging.yml' as logging configuration. You can change this by setting the KEDRO_LOGGING_CONFIG environment variable accordingly.
2026-03-18 12:33:15,563 - kedro.framework.session.session - INFO - Kedro project purchase_predict
2026-03-18 12:33:15,565 - kedro.framework.session.session - WARNING - `pipeline_name` is deprecated and will be removed in a future release. Please use `pipeline_names` instead.
2026-03-18 12:33:16,747 - kedro_telemetry.plugin - INFO - Kedro is sending anonymous usage data with the sole purpose of improving the product. No personal data or IP addresses are stored on our side. To opt out, set the `KEDRO_DISABLE_TELEMETRY` or `DO_NOT_TRACK` environment variables, or create a `.telemetry` file in the current working directory with the contents `consent: false`. To hide this message, explicitly grant or deny consent. Read more at https://docs.kedro.org/en/stable/about/telemetry/
2026-03-18 12:35:38,805 - kedro.framework.project - INFO - Using 'conf\logging.yml' as logging configuration. You can change this by setting the KEDRO_LOGGING_CONFIG environment variable accordingly.
2026-03-18 12:35:39,168 - kedro.framework.session.session - INFO - Kedro project purchase_predict
2026-03-18 12:35:39,170 - kedro.framework.session.session - WARNING - `pipeline_name` is deprecated and will be removed in a future release. Please use `pipeline_names` instead.
2026-03-18 12:35:43,566 - kedro_telemetry.plugin - INFO - Kedro is sending anonymous usage data with the sole purpose of improving the product. No personal data or IP addresses are stored on our side. To opt out, set the `KEDRO_DISABLE_TELEMETRY` or `DO_NOT_TRACK` environment variables, or create a `.telemetry` file in the current working directory with the contents `consent: false`. To hide this message, explicitly grant or deny consent. Read more at https://docs.kedro.org/en/stable/about/telemetry/
2026-03-18 12:35:44,242 - kedro.runner.sequential_runner - INFO - Using synchronous mode for loading and saving data. Use the --async flag for potential performance gains. https://docs.kedro.org/en/stable/build/run_a_pipeline/#load-and-save-asynchronously
2026-03-18 12:35:44,247 - kedro.io.data_catalog - INFO - Loading data from [dark_orange]params:gcp_project_id[/dark_orange] (MemoryDataset)...
2026-03-18 12:35:44,254 - kedro.io.data_catalog - INFO - Loading data from [dark_orange]params:gcs_primary_folder[/dark_orange] (MemoryDataset)...
2026-03-18 12:35:44,260 - kedro.pipeline.node - INFO - Running node: load_csv_from_bucket([params:gcp_project_id;params:gcs_primary_folder]) -> [primary]
2026-03-18 12:35:47,305 - kedro.pipeline.node - ERROR - Node load_csv_from_bucket([params:gcp_project_id;params:gcs_primary_folder]) -> [primary] failed with error: 
Your default credentials were not found. To set up Application Default Credentials, see https://cloud.google.com/docs/authentication/external/set-up-adc for more information.
2026-03-18 12:35:47,346 - kedro.runner.sequential_runner - WARNING - No nodes ran. Repeat the previous command to attempt a new run.
2026-04-17 11:34:59,470 - kedro.framework.project - INFO - Using 'conf\logging.yml' as logging configuration. You can change this by setting the KEDRO_LOGGING_CONFIG environment variable accordingly.
2026-04-17 11:35:05,270 - kedro.framework.project - INFO - Using 'conf\logging.yml' as logging configuration. You can change this by setting the KEDRO_LOGGING_CONFIG environment variable accordingly.
2026-04-17 11:35:05,499 - py.warnings - WARNING - H:\cytech\MLOps\purchase-predict\.venv\Lib\site-packages\kedro_viz\api\apps.py:19: FastAPIDeprecationWarning: ORJSONResponse is deprecated, FastAPI now serializes data directly to JSON bytes via Pydantic when a return type or response model is set, which is faster and doesn't need a custom response class. Read more in the FastAPI docs: https://fastapi.tiangolo.com/advanced/custom-response/#orjson-or-response-model and https://fastapi.tiangolo.com/tutorial/response-model/
  from kedro_viz.api.rest.responses.utils import EnhancedORJSONResponse

2026-04-17 11:35:20,076 - kedro_telemetry.plugin - INFO - Kedro is sending anonymous usage data with the sole purpose of improving the product. No personal data or IP addresses are stored on our side. To opt out, set the `KEDRO_DISABLE_TELEMETRY` or `DO_NOT_TRACK` environment variables, or create a `.telemetry` file in the current working directory with the contents `consent: false`. To hide this message, explicitly grant or deny consent. Read more at https://docs.kedro.org/en/stable/about/telemetry/
2026-04-23 21:37:19,678 - kedro.framework.project - INFO - Using 'conf\logging.yml' as logging configuration. You can change this by setting the KEDRO_LOGGING_CONFIG environment variable accordingly.
2026-04-23 21:37:22,316 - kedro.framework.session.session - INFO - Kedro project purchase_predict
2026-04-23 21:37:56,230 - kedro_telemetry.plugin - INFO - Kedro is sending anonymous usage data with the sole purpose of improving the product. No personal data or IP addresses are stored on our side. To opt out, set the `KEDRO_DISABLE_TELEMETRY` or `DO_NOT_TRACK` environment variables, or create a `.telemetry` file in the current working directory with the contents `consent: false`. To hide this message, explicitly grant or deny consent. Read more at https://docs.kedro.org/en/stable/about/telemetry/
2026-04-23 21:37:57,300 - kedro_viz.integrations.kedro.run_hooks - WARNING - Workflow tracking is disabled for non-sequential runners. `.viz/kedro_pipeline_events.json` will be created only during a sequential run. See issue https://github.com/kedro-org/kedro-viz/issues/2443 for more details.
2026-04-23 21:37:57,315 - kedro.runner.sequential_runner - INFO - Using synchronous mode for loading and saving data. Use the --async flag for potential performance gains. https://docs.kedro.org/en/stable/build/run_a_pipeline/#load-and-save-asynchronously
2026-04-23 21:37:57,324 - kedro.io.data_catalog - INFO - Loading data from [dark_orange]primary[/dark_orange] (CSVDataset)...
2026-04-23 21:37:57,463 - kedro.pipeline.node - INFO - Running node: encode_features([primary]) -> [dataset;transform_pipeline]
2026-04-23 21:37:57,513 - kedro.io.data_catalog - INFO - Saving data to [dark_orange]dataset[/dark_orange] (CSVDataset)...
2026-04-23 21:37:57,685 - kedro.io.data_catalog - INFO - Saving data to [dark_orange]transform_pipeline[/dark_orange] (PickleDataset)...
2026-04-23 21:37:57,695 - kedro.runner.sequential_runner - INFO - Completed node: encode_features__4f0652e1
2026-04-23 21:37:57,699 - kedro.runner.sequential_runner - INFO - Completed 1 out of 3 tasks
2026-04-23 21:37:57,703 - kedro.io.data_catalog - INFO - Loading data from [dark_orange]dataset[/dark_orange] (CSVDataset)...
2026-04-23 21:37:57,802 - kedro.io.data_catalog - INFO - Loading data from [dark_orange]params:test_ratio[/dark_orange] (MemoryDataset)...
2026-04-23 21:37:57,807 - kedro.pipeline.node - INFO - Running node: split_dataset([dataset;params:test_ratio]) -> [X_train;y_train;X_test;y_test]
2026-04-23 21:37:57,828 - kedro.io.data_catalog - INFO - Saving data to [dark_orange]X_train[/dark_orange] (CSVDataset)...
2026-04-23 21:37:57,931 - kedro.io.data_catalog - INFO - Saving data to [dark_orange]y_train[/dark_orange] (CSVDataset)...
2026-04-23 21:37:57,982 - kedro.io.data_catalog - INFO - Saving data to [dark_orange]X_test[/dark_orange] (CSVDataset)...
2026-04-23 21:37:58,027 - kedro.io.data_catalog - INFO - Saving data to [dark_orange]y_test[/dark_orange] (CSVDataset)...
2026-04-23 21:37:58,054 - kedro.runner.sequential_runner - INFO - Completed node: split_dataset__f432ba67
2026-04-23 21:37:58,056 - kedro.runner.sequential_runner - INFO - Completed 2 out of 3 tasks
2026-04-23 21:37:58,059 - kedro.io.data_catalog - INFO - Loading data from [dark_orange]X_train[/dark_orange] (CSVDataset)...
2026-04-23 21:37:58,120 - kedro.io.data_catalog - INFO - Loading data from [dark_orange]y_train[/dark_orange] (CSVDataset)...
2026-04-23 21:37:58,145 - kedro.io.data_catalog - INFO - Loading data from [dark_orange]X_test[/dark_orange] (CSVDataset)...
2026-04-23 21:37:58,190 - kedro.io.data_catalog - INFO - Loading data from [dark_orange]y_test[/dark_orange] (CSVDataset)...
2026-04-23 21:37:58,210 - kedro.io.data_catalog - INFO - Loading data from [dark_orange]params:automl_max_evals[/dark_orange] (MemoryDataset)...
2026-04-23 21:37:58,215 - kedro.pipeline.node - INFO - Running node: auto_ml([X_train;y_train;X_test;y_test;params:automl_max_evals]) -> [model]
2026-04-23 21:40:22,148 - kedro.io.data_catalog - INFO - Saving data to [dark_orange]model[/dark_orange] (PickleDataset)...
2026-04-23 21:40:22,369 - kedro.runner.sequential_runner - INFO - Completed node: auto_ml__cafdbacd
2026-04-23 21:40:22,376 - kedro.runner.sequential_runner - INFO - Completed 3 out of 3 tasks
2026-04-23 21:40:22,388 - kedro.runner.sequential_runner - INFO - Pipeline execution completed successfully in 145.1 sec.
2026-04-23 23:46:05,609 - kedro.framework.project - INFO - Using 'conf\logging.yml' as logging configuration. You can change this by setting the KEDRO_LOGGING_CONFIG environment variable accordingly.
2026-04-23 23:46:12,411 - kedro.framework.session.session - INFO - Kedro project purchase_predict
2026-04-23 23:46:18,723 - kedro_telemetry.plugin - INFO - Kedro is sending anonymous usage data with the sole purpose of improving the product. No personal data or IP addresses are stored on our side. To opt out, set the `KEDRO_DISABLE_TELEMETRY` or `DO_NOT_TRACK` environment variables, or create a `.telemetry` file in the current working directory with the contents `consent: false`. To hide this message, explicitly grant or deny consent. Read more at https://docs.kedro.org/en/stable/about/telemetry/
2026-04-23 23:46:19,432 - kedro_viz.integrations.kedro.run_hooks - WARNING - Workflow tracking is disabled for non-sequential runners. `.viz/kedro_pipeline_events.json` will be created only during a sequential run. See issue https://github.com/kedro-org/kedro-viz/issues/2443 for more details.
2026-04-23 23:46:19,449 - kedro.runner.sequential_runner - INFO - Using synchronous mode for loading and saving data. Use the --async flag for potential performance gains. https://docs.kedro.org/en/stable/build/run_a_pipeline/#load-and-save-asynchronously
2026-04-23 23:46:19,453 - kedro.io.data_catalog - INFO - Loading data from [dark_orange]primary[/dark_orange] (CSVDataset)...
2026-04-23 23:46:19,553 - kedro.pipeline.node - INFO - Running node: encode_features([primary]) -> [dataset;transform_pipeline]
2026-04-23 23:46:19,591 - kedro.io.data_catalog - INFO - Saving data to [dark_orange]dataset[/dark_orange] (CSVDataset)...
2026-04-23 23:46:19,720 - kedro.io.data_catalog - INFO - Saving data to [dark_orange]transform_pipeline[/dark_orange] (PickleDataset)...
2026-04-23 23:46:19,725 - kedro.runner.sequential_runner - INFO - Completed node: encode_features__4f0652e1
2026-04-23 23:46:19,730 - kedro.runner.sequential_runner - INFO - Completed 1 out of 3 tasks
2026-04-23 23:46:19,735 - kedro.io.data_catalog - INFO - Loading data from [dark_orange]dataset[/dark_orange] (CSVDataset)...
2026-04-23 23:46:19,806 - kedro.io.data_catalog - INFO - Loading data from [dark_orange]params:test_ratio[/dark_orange] (MemoryDataset)...
2026-04-23 23:46:19,811 - kedro.pipeline.node - INFO - Running node: split_dataset([dataset;params:test_ratio]) -> [X_train;y_train;X_test;y_test]
2026-04-23 23:46:19,825 - kedro.io.data_catalog - INFO - Saving data to [dark_orange]X_train[/dark_orange] (CSVDataset)...
2026-04-23 23:46:19,919 - kedro.io.data_catalog - INFO - Saving data to [dark_orange]y_train[/dark_orange] (CSVDataset)...
2026-04-23 23:46:19,956 - kedro.io.data_catalog - INFO - Saving data to [dark_orange]X_test[/dark_orange] (CSVDataset)...
2026-04-23 23:46:19,997 - kedro.io.data_catalog - INFO - Saving data to [dark_orange]y_test[/dark_orange] (CSVDataset)...
2026-04-23 23:46:20,017 - kedro.runner.sequential_runner - INFO - Completed node: split_dataset__f432ba67
2026-04-23 23:46:20,019 - kedro.runner.sequential_runner - INFO - Completed 2 out of 3 tasks
2026-04-23 23:46:20,022 - kedro.io.data_catalog - INFO - Loading data from [dark_orange]X_train[/dark_orange] (CSVDataset)...
2026-04-23 23:46:20,060 - kedro.io.data_catalog - INFO - Loading data from [dark_orange]y_train[/dark_orange] (CSVDataset)...
2026-04-23 23:46:20,076 - kedro.io.data_catalog - INFO - Loading data from [dark_orange]X_test[/dark_orange] (CSVDataset)...
2026-04-23 23:46:20,101 - kedro.io.data_catalog - INFO - Loading data from [dark_orange]y_test[/dark_orange] (CSVDataset)...
2026-04-23 23:46:20,114 - kedro.io.data_catalog - INFO - Loading data from [dark_orange]params:automl_max_evals[/dark_orange] (MemoryDataset)...
2026-04-23 23:46:20,117 - kedro.pipeline.node - INFO - Running node: auto_ml([X_train;y_train;X_test;y_test;params:automl_max_evals]) -> [model]
2026-04-23 23:46:53,566 - kedro.io.data_catalog - INFO - Saving data to [dark_orange]model[/dark_orange] (PickleDataset)...
2026-04-23 23:46:53,594 - kedro.runner.sequential_runner - INFO - Completed node: auto_ml__cafdbacd
2026-04-23 23:46:53,597 - kedro.runner.sequential_runner - INFO - Completed 3 out of 3 tasks
2026-04-23 23:46:53,600 - kedro.runner.sequential_runner - INFO - Pipeline execution completed successfully in 34.2 sec.
2026-04-24 11:10:38,913 - kedro.framework.project - INFO - Using 'conf\logging.yml' as logging configuration. You can change this by setting the KEDRO_LOGGING_CONFIG environment variable accordingly.
2026-04-24 11:10:44,787 - kedro.framework.session.session - INFO - Kedro project purchase_predict
2026-04-24 11:10:50,803 - kedro_telemetry.plugin - INFO - Kedro is sending anonymous usage data with the sole purpose of improving the product. No personal data or IP addresses are stored on our side. To opt out, set the `KEDRO_DISABLE_TELEMETRY` or `DO_NOT_TRACK` environment variables, or create a `.telemetry` file in the current working directory with the contents `consent: false`. To hide this message, explicitly grant or deny consent. Read more at https://docs.kedro.org/en/stable/about/telemetry/
2026-04-24 11:10:51,481 - kedro_viz.integrations.kedro.run_hooks - WARNING - Workflow tracking is disabled for non-sequential runners. `.viz/kedro_pipeline_events.json` will be created only during a sequential run. See issue https://github.com/kedro-org/kedro-viz/issues/2443 for more details.
2026-04-24 11:10:51,492 - kedro.runner.sequential_runner - INFO - Using synchronous mode for loading and saving data. Use the --async flag for potential performance gains. https://docs.kedro.org/en/stable/build/run_a_pipeline/#load-and-save-asynchronously
2026-04-24 11:10:51,496 - kedro.io.data_catalog - INFO - Loading data from [dark_orange]primary[/dark_orange] (CSVDataset)...
2026-04-24 11:10:51,587 - kedro.pipeline.node - INFO - Running node: encode_features([primary]) -> [dataset;transform_pipeline]
2026-04-24 11:10:51,628 - kedro.io.data_catalog - INFO - Saving data to [dark_orange]dataset[/dark_orange] (CSVDataset)...
2026-04-24 11:10:51,756 - kedro.io.data_catalog - INFO - Saving data to [dark_orange]transform_pipeline[/dark_orange] (PickleDataset)...
2026-04-24 11:10:51,763 - kedro.runner.sequential_runner - INFO - Completed node: encode_features__4f0652e1
2026-04-24 11:10:51,765 - kedro.runner.sequential_runner - INFO - Completed 1 out of 3 tasks
2026-04-24 11:10:51,767 - kedro.io.data_catalog - INFO - Loading data from [dark_orange]dataset[/dark_orange] (CSVDataset)...
2026-04-24 11:10:51,828 - kedro.io.data_catalog - INFO - Loading data from [dark_orange]params:test_ratio[/dark_orange] (MemoryDataset)...
2026-04-24 11:10:51,833 - kedro.pipeline.node - INFO - Running node: split_dataset([dataset;params:test_ratio]) -> [X_train;y_train;X_test;y_test]
2026-04-24 11:10:51,848 - kedro.io.data_catalog - INFO - Saving data to [dark_orange]X_train[/dark_orange] (CSVDataset)...
2026-04-24 11:10:51,932 - kedro.io.data_catalog - INFO - Saving data to [dark_orange]y_train[/dark_orange] (CSVDataset)...
2026-04-24 11:10:51,967 - kedro.io.data_catalog - INFO - Saving data to [dark_orange]X_test[/dark_orange] (CSVDataset)...
2026-04-24 11:10:52,006 - kedro.io.data_catalog - INFO - Saving data to [dark_orange]y_test[/dark_orange] (CSVDataset)...
2026-04-24 11:10:52,025 - kedro.runner.sequential_runner - INFO - Completed node: split_dataset__f432ba67
2026-04-24 11:10:52,027 - kedro.runner.sequential_runner - INFO - Completed 2 out of 3 tasks
2026-04-24 11:10:52,030 - kedro.io.data_catalog - INFO - Loading data from [dark_orange]X_train[/dark_orange] (CSVDataset)...
2026-04-24 11:10:52,073 - kedro.io.data_catalog - INFO - Loading data from [dark_orange]y_train[/dark_orange] (CSVDataset)...
2026-04-24 11:10:52,090 - kedro.io.data_catalog - INFO - Loading data from [dark_orange]X_test[/dark_orange] (CSVDataset)...
2026-04-24 11:10:52,119 - kedro.io.data_catalog - INFO - Loading data from [dark_orange]y_test[/dark_orange] (CSVDataset)...
2026-04-24 11:10:52,134 - kedro.io.data_catalog - INFO - Loading data from [dark_orange]params:automl_max_evals[/dark_orange] (MemoryDataset)...
2026-04-24 11:10:52,138 - kedro.pipeline.node - INFO - Running node: auto_ml([X_train;y_train;X_test;y_test;params:automl_max_evals]) -> [model]
2026-04-24 11:11:06,854 - kedro.io.data_catalog - INFO - Saving data to [dark_orange]model[/dark_orange] (PickleDataset)...
2026-04-24 11:11:06,878 - kedro.runner.sequential_runner - INFO - Completed node: auto_ml__cafdbacd
2026-04-24 11:11:06,881 - kedro.runner.sequential_runner - INFO - Completed 3 out of 3 tasks
2026-04-24 11:11:06,884 - kedro.runner.sequential_runner - INFO - Pipeline execution completed successfully in 15.4 sec.
2026-04-24 14:22:33,426 - kedro.framework.project - INFO - Using 'conf\logging.yml' as logging configuration. You can change this by setting the KEDRO_LOGGING_CONFIG environment variable accordingly.
2026-04-24 14:22:35,539 - kedro.framework.session.session - INFO - Kedro project purchase_predict
2026-04-24 14:22:36,957 - kedro_telemetry.plugin - INFO - Kedro is sending anonymous usage data with the sole purpose of improving the product. No personal data or IP addresses are stored on our side. To opt out, set the `KEDRO_DISABLE_TELEMETRY` or `DO_NOT_TRACK` environment variables, or create a `.telemetry` file in the current working directory with the contents `consent: false`. To hide this message, explicitly grant or deny consent. Read more at https://docs.kedro.org/en/stable/about/telemetry/
2026-04-24 14:22:37,492 - kedro_viz.integrations.kedro.run_hooks - WARNING - Workflow tracking is disabled for non-sequential runners. `.viz/kedro_pipeline_events.json` will be created only during a sequential run. See issue https://github.com/kedro-org/kedro-viz/issues/2443 for more details.
2026-04-24 14:22:37,498 - kedro.runner.sequential_runner - INFO - Using synchronous mode for loading and saving data. Use the --async flag for potential performance gains. https://docs.kedro.org/en/stable/build/run_a_pipeline/#load-and-save-asynchronously
2026-04-24 14:22:37,501 - kedro.io.data_catalog - INFO - Loading data from [dark_orange]primary[/dark_orange] (CSVDataset)...
2026-04-24 14:22:37,554 - kedro.pipeline.node - INFO - Running node: encode_features([primary]) -> [dataset;transform_pipeline]
2026-04-24 14:22:37,579 - kedro.io.data_catalog - INFO - Saving data to [dark_orange]dataset[/dark_orange] (CSVDataset)...
2026-04-24 14:22:37,656 - kedro.io.data_catalog - INFO - Saving data to [dark_orange]transform_pipeline[/dark_orange] (PickleDataset)...
2026-04-24 14:22:37,660 - kedro.runner.sequential_runner - INFO - Completed node: encode_features__4f0652e1
2026-04-24 14:22:37,662 - kedro.runner.sequential_runner - INFO - Completed 1 out of 3 tasks
2026-04-24 14:22:37,663 - kedro.io.data_catalog - INFO - Loading data from [dark_orange]dataset[/dark_orange] (CSVDataset)...
2026-04-24 14:22:37,704 - kedro.io.data_catalog - INFO - Loading data from [dark_orange]params:test_ratio[/dark_orange] (MemoryDataset)...
2026-04-24 14:22:37,707 - kedro.pipeline.node - INFO - Running node: split_dataset([dataset;params:test_ratio]) -> [X_train;y_train;X_test;y_test]
2026-04-24 14:22:37,715 - kedro.io.data_catalog - INFO - Saving data to [dark_orange]X_train[/dark_orange] (CSVDataset)...
2026-04-24 14:22:37,774 - kedro.io.data_catalog - INFO - Saving data to [dark_orange]y_train[/dark_orange] (CSVDataset)...
2026-04-24 14:22:37,795 - kedro.io.data_catalog - INFO - Saving data to [dark_orange]X_test[/dark_orange] (CSVDataset)...
2026-04-24 14:22:37,819 - kedro.io.data_catalog - INFO - Saving data to [dark_orange]y_test[/dark_orange] (CSVDataset)...
2026-04-24 14:22:37,829 - kedro.runner.sequential_runner - INFO - Completed node: split_dataset__f432ba67
2026-04-24 14:22:37,831 - kedro.runner.sequential_runner - INFO - Completed 2 out of 3 tasks
2026-04-24 14:22:37,833 - kedro.io.data_catalog - INFO - Loading data from [dark_orange]X_train[/dark_orange] (CSVDataset)...
2026-04-24 14:22:37,871 - kedro.io.data_catalog - INFO - Loading data from [dark_orange]y_train[/dark_orange] (CSVDataset)...
2026-04-24 14:22:37,893 - kedro.io.data_catalog - INFO - Loading data from [dark_orange]X_test[/dark_orange] (CSVDataset)...
2026-04-24 14:22:37,925 - kedro.io.data_catalog - INFO - Loading data from [dark_orange]y_test[/dark_orange] (CSVDataset)...
2026-04-24 14:22:37,940 - kedro.io.data_catalog - INFO - Loading data from [dark_orange]params:automl_max_evals[/dark_orange] (MemoryDataset)...
2026-04-24 14:22:37,945 - kedro.pipeline.node - INFO - Running node: auto_ml([X_train;y_train;X_test;y_test;params:automl_max_evals]) -> [model]
2026-04-24 14:23:07,311 - kedro.io.data_catalog - INFO - Saving data to [dark_orange]model[/dark_orange] (PickleDataset)...
2026-04-24 14:23:07,338 - kedro.runner.sequential_runner - INFO - Completed node: auto_ml__cafdbacd
2026-04-24 14:23:07,342 - kedro.runner.sequential_runner - INFO - Completed 3 out of 3 tasks
2026-04-24 14:23:07,345 - kedro.runner.sequential_runner - INFO - Pipeline execution completed successfully in 29.8 sec.
2026-04-24 14:23:09,304 - kedro.runner.sequential_runner - INFO - Using synchronous mode for loading and saving data. Use the --async flag for potential performance gains. https://docs.kedro.org/en/stable/build/run_a_pipeline/#load-and-save-asynchronously
2026-04-24 14:23:09,306 - kedro.io.data_catalog - INFO - Loading data from [dark_orange]params:gcp_project_id[/dark_orange] (MemoryDataset)...
2026-04-24 14:23:09,308 - kedro.io.data_catalog - INFO - Loading data from [dark_orange]params:gcs_primary_folder[/dark_orange] (MemoryDataset)...
2026-04-24 14:23:09,311 - kedro.pipeline.node - INFO - Running node: load_csv_from_bucket([params:gcp_project_id;params:gcs_primary_folder]) -> [primary]
2026-04-24 14:23:11,055 - kedro.io.data_catalog - INFO - Saving data to [dark_orange]primary[/dark_orange] (MemoryDataset)...
2026-04-24 14:23:11,060 - kedro.runner.sequential_runner - INFO - Completed node: load_csv_from_bucket__b0ab85cc
2026-04-24 14:23:11,062 - kedro.runner.sequential_runner - INFO - Completed 1 out of 1 tasks
2026-04-24 14:23:11,063 - kedro.runner.sequential_runner - INFO - Pipeline execution completed successfully in 1.8 sec.
2026-04-24 14:29:01,839 - kedro.framework.project - INFO - Using 'conf\logging.yml' as logging configuration. You can change this by setting the KEDRO_LOGGING_CONFIG environment variable accordingly.
2026-04-24 14:29:03,806 - kedro.framework.session.session - INFO - Kedro project purchase_predict
2026-04-24 14:29:04,545 - kedro_telemetry.plugin - INFO - Kedro is sending anonymous usage data with the sole purpose of improving the product. No personal data or IP addresses are stored on our side. To opt out, set the `KEDRO_DISABLE_TELEMETRY` or `DO_NOT_TRACK` environment variables, or create a `.telemetry` file in the current working directory with the contents `consent: false`. To hide this message, explicitly grant or deny consent. Read more at https://docs.kedro.org/en/stable/about/telemetry/
2026-04-24 14:29:05,075 - kedro_viz.integrations.kedro.run_hooks - WARNING - Workflow tracking is disabled for non-sequential runners. `.viz/kedro_pipeline_events.json` will be created only during a sequential run. See issue https://github.com/kedro-org/kedro-viz/issues/2443 for more details.
2026-04-24 14:29:05,082 - kedro.runner.sequential_runner - INFO - Using synchronous mode for loading and saving data. Use the --async flag for potential performance gains. https://docs.kedro.org/en/stable/build/run_a_pipeline/#load-and-save-asynchronously
2026-04-24 14:29:05,084 - kedro.io.data_catalog - INFO - Loading data from [dark_orange]primary[/dark_orange] (CSVDataset)...
2026-04-24 14:29:05,157 - kedro.pipeline.node - INFO - Running node: encode_features([primary]) -> [dataset;transform_pipeline]
2026-04-24 14:29:05,192 - kedro.io.data_catalog - INFO - Saving data to [dark_orange]dataset[/dark_orange] (CSVDataset)...
2026-04-24 14:29:05,310 - kedro.io.data_catalog - INFO - Saving data to [dark_orange]transform_pipeline[/dark_orange] (PickleDataset)...
2026-04-24 14:29:05,314 - kedro.runner.sequential_runner - INFO - Completed node: encode_features__4f0652e1
2026-04-24 14:29:05,315 - kedro.runner.sequential_runner - INFO - Completed 1 out of 3 tasks
2026-04-24 14:29:05,317 - kedro.io.data_catalog - INFO - Loading data from [dark_orange]dataset[/dark_orange] (CSVDataset)...
2026-04-24 14:29:05,360 - kedro.io.data_catalog - INFO - Loading data from [dark_orange]params:test_ratio[/dark_orange] (MemoryDataset)...
2026-04-24 14:29:05,363 - kedro.pipeline.node - INFO - Running node: split_dataset([dataset;params:test_ratio]) -> [X_train;y_train;X_test;y_test]
2026-04-24 14:29:05,370 - kedro.io.data_catalog - INFO - Saving data to [dark_orange]X_train[/dark_orange] (CSVDataset)...
2026-04-24 14:29:05,422 - kedro.io.data_catalog - INFO - Saving data to [dark_orange]y_train[/dark_orange] (CSVDataset)...
2026-04-24 14:29:05,444 - kedro.io.data_catalog - INFO - Saving data to [dark_orange]X_test[/dark_orange] (CSVDataset)...
2026-04-24 14:29:05,468 - kedro.io.data_catalog - INFO - Saving data to [dark_orange]y_test[/dark_orange] (CSVDataset)...
2026-04-24 14:29:05,479 - kedro.runner.sequential_runner - INFO - Completed node: split_dataset__f432ba67
2026-04-24 14:29:05,482 - kedro.runner.sequential_runner - INFO - Completed 2 out of 3 tasks
2026-04-24 14:29:05,484 - kedro.io.data_catalog - INFO - Loading data from [dark_orange]X_train[/dark_orange] (CSVDataset)...
2026-04-24 14:29:05,513 - kedro.io.data_catalog - INFO - Loading data from [dark_orange]y_train[/dark_orange] (CSVDataset)...
2026-04-24 14:29:05,525 - kedro.io.data_catalog - INFO - Loading data from [dark_orange]X_test[/dark_orange] (CSVDataset)...
2026-04-24 14:29:05,548 - kedro.io.data_catalog - INFO - Loading data from [dark_orange]y_test[/dark_orange] (CSVDataset)...
2026-04-24 14:29:05,558 - kedro.io.data_catalog - INFO - Loading data from [dark_orange]params:automl_max_evals[/dark_orange] (MemoryDataset)...
2026-04-24 14:29:05,561 - kedro.pipeline.node - INFO - Running node: auto_ml([X_train;y_train;X_test;y_test;params:automl_max_evals]) -> [model]
2026-04-24 14:29:49,004 - kedro.io.data_catalog - INFO - Saving data to [dark_orange]model[/dark_orange] (PickleDataset)...
2026-04-24 14:29:49,060 - kedro.runner.sequential_runner - INFO - Completed node: auto_ml__cafdbacd
2026-04-24 14:29:49,064 - kedro.runner.sequential_runner - INFO - Completed 3 out of 3 tasks
2026-04-24 14:29:49,068 - kedro.runner.sequential_runner - INFO - Pipeline execution completed successfully in 44.0 sec.
2026-04-24 14:29:51,388 - kedro.runner.sequential_runner - INFO - Using synchronous mode for loading and saving data. Use the --async flag for potential performance gains. https://docs.kedro.org/en/stable/build/run_a_pipeline/#load-and-save-asynchronously
2026-04-24 14:29:51,390 - kedro.io.data_catalog - INFO - Loading data from [dark_orange]params:gcp_project_id[/dark_orange] (MemoryDataset)...
2026-04-24 14:29:51,394 - kedro.io.data_catalog - INFO - Loading data from [dark_orange]params:gcs_primary_folder[/dark_orange] (MemoryDataset)...
2026-04-24 14:29:51,397 - kedro.pipeline.node - INFO - Running node: load_csv_from_bucket([params:gcp_project_id;params:gcs_primary_folder]) -> [primary]
2026-04-24 14:29:53,270 - kedro.io.data_catalog - INFO - Saving data to [dark_orange]primary[/dark_orange] (MemoryDataset)...
2026-04-24 14:29:53,275 - kedro.runner.sequential_runner - INFO - Completed node: load_csv_from_bucket__b0ab85cc
2026-04-24 14:29:53,277 - kedro.runner.sequential_runner - INFO - Completed 1 out of 1 tasks
2026-04-24 14:29:53,279 - kedro.runner.sequential_runner - INFO - Pipeline execution completed successfully in 1.9 sec.
2026-04-24 14:52:23,504 - kedro.framework.project - INFO - Using 'conf\logging.yml' as logging configuration. You can change this by setting the KEDRO_LOGGING_CONFIG environment variable accordingly.
2026-04-24 14:52:23,994 - kedro_telemetry.plugin - INFO - Kedro is sending anonymous usage data with the sole purpose of improving the product. No personal data or IP addresses are stored on our side. To opt out, set the `KEDRO_DISABLE_TELEMETRY` or `DO_NOT_TRACK` environment variables, or create a `.telemetry` file in the current working directory with the contents `consent: false`. To hide this message, explicitly grant or deny consent. Read more at https://docs.kedro.org/en/stable/about/telemetry/
2026-04-25 01:54:19,413 - kedro.framework.project - INFO - Using 'conf\logging.yml' as logging configuration. You can change this by setting the KEDRO_LOGGING_CONFIG environment variable accordingly.
2026-04-25 01:54:23,306 - kedro.framework.session.session - INFO - Kedro project purchase_predict
2026-04-25 01:54:28,055 - kedro_telemetry.plugin - INFO - Kedro is sending anonymous usage data with the sole purpose of improving the product. No personal data or IP addresses are stored on our side. To opt out, set the `KEDRO_DISABLE_TELEMETRY` or `DO_NOT_TRACK` environment variables, or create a `.telemetry` file in the current working directory with the contents `consent: false`. To hide this message, explicitly grant or deny consent. Read more at https://docs.kedro.org/en/stable/about/telemetry/
2026-04-25 01:54:29,279 - kedro_viz.integrations.kedro.run_hooks - WARNING - Workflow tracking is disabled for non-sequential runners. `.viz/kedro_pipeline_events.json` will be created only during a sequential run. See issue https://github.com/kedro-org/kedro-viz/issues/2443 for more details.
2026-04-25 01:54:29,315 - kedro.runner.sequential_runner - INFO - Using synchronous mode for loading and saving data. Use the --async flag for potential performance gains. https://docs.kedro.org/en/stable/build/run_a_pipeline/#load-and-save-asynchronously
2026-04-25 01:54:29,330 - kedro.io.data_catalog - INFO - Loading data from [dark_orange]primary[/dark_orange] (CSVDataset)...
2026-04-25 01:54:29,589 - kedro.pipeline.node - INFO - Running node: encode_features([primary]) -> [dataset;transform_pipeline]
2026-04-25 01:54:29,706 - kedro.io.data_catalog - INFO - Saving data to [dark_orange]dataset[/dark_orange] (CSVDataset)...
2026-04-25 01:54:30,138 - kedro.io.data_catalog - INFO - Saving data to [dark_orange]transform_pipeline[/dark_orange] (PickleDataset)...
2026-04-25 01:54:30,152 - kedro.runner.sequential_runner - INFO - Completed node: encode_features__4f0652e1
2026-04-25 01:54:30,160 - kedro.runner.sequential_runner - INFO - Completed 1 out of 3 tasks
2026-04-25 01:54:30,168 - kedro.io.data_catalog - INFO - Loading data from [dark_orange]dataset[/dark_orange] (CSVDataset)...
2026-04-25 01:54:30,332 - kedro.io.data_catalog - INFO - Loading data from [dark_orange]params:test_ratio[/dark_orange] (MemoryDataset)...
2026-04-25 01:54:30,349 - kedro.pipeline.node - INFO - Running node: split_dataset([dataset;params:test_ratio]) -> [X_train;y_train;X_test;y_test]
2026-04-25 01:54:30,378 - kedro.io.data_catalog - INFO - Saving data to [dark_orange]X_train[/dark_orange] (CSVDataset)...
2026-04-25 01:54:30,628 - kedro.io.data_catalog - INFO - Saving data to [dark_orange]y_train[/dark_orange] (CSVDataset)...
2026-04-25 01:54:30,735 - kedro.io.data_catalog - INFO - Saving data to [dark_orange]X_test[/dark_orange] (CSVDataset)...
2026-04-25 01:54:30,859 - kedro.io.data_catalog - INFO - Saving data to [dark_orange]y_test[/dark_orange] (CSVDataset)...
2026-04-25 01:54:30,919 - kedro.runner.sequential_runner - INFO - Completed node: split_dataset__f432ba67
2026-04-25 01:54:30,927 - kedro.runner.sequential_runner - INFO - Completed 2 out of 3 tasks
2026-04-25 01:54:30,937 - kedro.io.data_catalog - INFO - Loading data from [dark_orange]X_train[/dark_orange] (CSVDataset)...
2026-04-25 01:54:31,072 - kedro.io.data_catalog - INFO - Loading data from [dark_orange]y_train[/dark_orange] (CSVDataset)...
2026-04-25 01:54:31,130 - kedro.io.data_catalog - INFO - Loading data from [dark_orange]X_test[/dark_orange] (CSVDataset)...
2026-04-25 01:54:31,215 - kedro.io.data_catalog - INFO - Loading data from [dark_orange]y_test[/dark_orange] (CSVDataset)...
2026-04-25 01:54:31,249 - kedro.io.data_catalog - INFO - Loading data from [dark_orange]params:automl_max_evals[/dark_orange] (MemoryDataset)...
2026-04-25 01:54:31,264 - kedro.pipeline.node - INFO - Running node: auto_ml([X_train;y_train;X_test;y_test;params:automl_max_evals]) -> [model]
2026-04-25 01:56:25,598 - kedro.io.data_catalog - INFO - Saving data to [dark_orange]model[/dark_orange] (PickleDataset)...
2026-04-25 01:56:25,706 - kedro.runner.sequential_runner - INFO - Completed node: auto_ml__cafdbacd
2026-04-25 01:56:25,711 - kedro.runner.sequential_runner - INFO - Completed 3 out of 3 tasks
2026-04-25 01:56:25,726 - kedro.runner.sequential_runner - INFO - Pipeline execution completed successfully in 116.4 sec.
2026-04-25 01:56:29,605 - kedro.runner.sequential_runner - INFO - Using synchronous mode for loading and saving data. Use the --async flag for potential performance gains. https://docs.kedro.org/en/stable/build/run_a_pipeline/#load-and-save-asynchronously
2026-04-25 01:56:29,625 - kedro.io.data_catalog - INFO - Loading data from [dark_orange]params:gcp_project_id[/dark_orange] (MemoryDataset)...
2026-04-25 01:56:29,636 - kedro.io.data_catalog - INFO - Loading data from [dark_orange]params:gcs_primary_folder[/dark_orange] (MemoryDataset)...
2026-04-25 01:56:29,648 - kedro.pipeline.node - INFO - Running node: load_csv_from_bucket([params:gcp_project_id;params:gcs_primary_folder]) -> [primary]
2026-04-25 01:56:33,428 - kedro.io.data_catalog - INFO - Saving data to [dark_orange]primary[/dark_orange] (MemoryDataset)...
2026-04-25 01:56:33,449 - kedro.runner.sequential_runner - INFO - Completed node: load_csv_from_bucket__b0ab85cc
2026-04-25 01:56:33,456 - kedro.runner.sequential_runner - INFO - Completed 1 out of 1 tasks
2026-04-25 01:56:33,465 - kedro.runner.sequential_runner - INFO - Pipeline execution completed successfully in 3.9 sec.
2026-04-25 01:56:40,925 - kedro.runner.sequential_runner - INFO - Using synchronous mode for loading and saving data. Use the --async flag for potential performance gains. https://docs.kedro.org/en/stable/build/run_a_pipeline/#load-and-save-asynchronously
2026-04-25 01:56:40,940 - kedro.io.data_catalog - INFO - Loading data from [dark_orange]primary[/dark_orange] (MemoryDataset)...
2026-04-25 01:56:40,958 - kedro.pipeline.node - INFO - Running node: encode_features([primary]) -> [dataset;transform_pipeline]
2026-04-25 01:56:41,052 - kedro.io.data_catalog - INFO - Saving data to [dark_orange]dataset[/dark_orange] (MemoryDataset)...
2026-04-25 01:56:41,077 - kedro.io.data_catalog - INFO - Saving data to [dark_orange]transform_pipeline[/dark_orange] (MemoryDataset)...
2026-04-25 01:56:41,096 - kedro.runner.sequential_runner - INFO - Completed node: encode_features__4f0652e1
2026-04-25 01:56:41,103 - kedro.runner.sequential_runner - INFO - Completed 1 out of 2 tasks
2026-04-25 01:56:41,112 - kedro.io.data_catalog - INFO - Loading data from [dark_orange]dataset[/dark_orange] (MemoryDataset)...
2026-04-25 01:56:41,127 - kedro.io.data_catalog - INFO - Loading data from [dark_orange]params:test_ratio[/dark_orange] (MemoryDataset)...
2026-04-25 01:56:41,140 - kedro.pipeline.node - INFO - Running node: split_dataset([dataset;params:test_ratio]) -> [X_train;y_train;X_test;y_test]
2026-04-25 01:56:41,163 - kedro.io.data_catalog - INFO - Saving data to [dark_orange]X_train[/dark_orange] (MemoryDataset)...
2026-04-25 01:56:41,177 - kedro.io.data_catalog - INFO - Saving data to [dark_orange]y_train[/dark_orange] (MemoryDataset)...
2026-04-25 01:56:41,189 - kedro.io.data_catalog - INFO - Saving data to [dark_orange]X_test[/dark_orange] (MemoryDataset)...
2026-04-25 01:56:41,201 - kedro.io.data_catalog - INFO - Saving data to [dark_orange]y_test[/dark_orange] (MemoryDataset)...
2026-04-25 01:56:41,215 - kedro.runner.sequential_runner - INFO - Completed node: split_dataset__f432ba67
2026-04-25 01:56:41,223 - kedro.runner.sequential_runner - INFO - Completed 2 out of 2 tasks
2026-04-25 01:56:41,232 - kedro.runner.sequential_runner - INFO - Pipeline execution completed successfully in 0.3 sec.
2026-04-25 02:06:19,136 - kedro.framework.project - INFO - Using 'conf\logging.yml' as logging configuration. You can change this by setting the KEDRO_LOGGING_CONFIG environment variable accordingly.
2026-04-25 02:06:23,856 - kedro.runner.sequential_runner - INFO - Using synchronous mode for loading and saving data. Use the --async flag for potential performance gains. https://docs.kedro.org/en/stable/build/run_a_pipeline/#load-and-save-asynchronously
2026-04-25 02:06:23,871 - kedro.io.data_catalog - INFO - Loading data from [dark_orange]params:gcp_project_id[/dark_orange] (MemoryDataset)...
2026-04-25 02:06:23,889 - kedro.io.data_catalog - INFO - Loading data from [dark_orange]params:gcs_primary_folder[/dark_orange] (MemoryDataset)...
2026-04-25 02:06:23,904 - kedro.pipeline.node - INFO - Running node: load_csv_from_bucket([params:gcp_project_id;params:gcs_primary_folder]) -> [primary]
2026-04-25 02:06:27,682 - kedro.io.data_catalog - INFO - Saving data to [dark_orange]primary[/dark_orange] (MemoryDataset)...
2026-04-25 02:06:27,701 - kedro.runner.sequential_runner - INFO - Completed node: load_csv_from_bucket__b0ab85cc
2026-04-25 02:06:27,708 - kedro.runner.sequential_runner - INFO - Completed 1 out of 1 tasks
2026-04-25 02:06:27,718 - kedro.runner.sequential_runner - INFO - Pipeline execution completed successfully in 3.9 sec.
2026-04-25 02:06:33,891 - kedro.runner.sequential_runner - INFO - Using synchronous mode for loading and saving data. Use the --async flag for potential performance gains. https://docs.kedro.org/en/stable/build/run_a_pipeline/#load-and-save-asynchronously
2026-04-25 02:06:33,894 - kedro.io.data_catalog - INFO - Loading data from [dark_orange]primary[/dark_orange] (MemoryDataset)...
2026-04-25 02:06:33,899 - kedro.pipeline.node - INFO - Running node: encode_features([primary]) -> [dataset;transform_pipeline]
2026-04-25 02:06:33,927 - kedro.io.data_catalog - INFO - Saving data to [dark_orange]dataset[/dark_orange] (MemoryDataset)...
2026-04-25 02:06:33,936 - kedro.io.data_catalog - INFO - Saving data to [dark_orange]transform_pipeline[/dark_orange] (MemoryDataset)...
2026-04-25 02:06:33,944 - kedro.runner.sequential_runner - INFO - Completed node: encode_features__4f0652e1
2026-04-25 02:06:33,947 - kedro.runner.sequential_runner - INFO - Completed 1 out of 2 tasks
2026-04-25 02:06:33,949 - kedro.io.data_catalog - INFO - Loading data from [dark_orange]dataset[/dark_orange] (MemoryDataset)...
2026-04-25 02:06:33,953 - kedro.io.data_catalog - INFO - Loading data from [dark_orange]params:test_ratio[/dark_orange] (MemoryDataset)...
2026-04-25 02:06:33,958 - kedro.pipeline.node - INFO - Running node: split_dataset([dataset;params:test_ratio]) -> [X_train;y_train;X_test;y_test]
2026-04-25 02:06:33,966 - kedro.io.data_catalog - INFO - Saving data to [dark_orange]X_train[/dark_orange] (MemoryDataset)...
2026-04-25 02:06:33,973 - kedro.io.data_catalog - INFO - Saving data to [dark_orange]y_train[/dark_orange] (MemoryDataset)...
2026-04-25 02:06:33,977 - kedro.io.data_catalog - INFO - Saving data to [dark_orange]X_test[/dark_orange] (MemoryDataset)...
2026-04-25 02:06:33,982 - kedro.io.data_catalog - INFO - Saving data to [dark_orange]y_test[/dark_orange] (MemoryDataset)...
2026-04-25 02:06:33,988 - kedro.runner.sequential_runner - INFO - Completed node: split_dataset__f432ba67
2026-04-25 02:06:33,991 - kedro.runner.sequential_runner - INFO - Completed 2 out of 2 tasks
2026-04-25 02:06:33,994 - kedro.runner.sequential_runner - INFO - Pipeline execution completed successfully in 0.1 sec.
